1713580318707	geckodriver	INFO	Listening on 127.0.0.1:51053
1713580321773	mozrunner::runner	INFO	Running command: "C:\\Program Files\\Mozilla Firefox\\firefox.exe" "--marionette" "--remote-debugging-port" "51054" "--remote ... ocalhost" "-no-remote" "-profile" "C:\\Users\\billp\\AppData\\Local\\robocorp\\temp\\5887a36b07f09b4f\\rust_mozprofile70n4wK"
console.warn: services.settings: Ignoring preference override of remote settings server
console.warn: services.settings: Allow by setting MOZ_REMOTE_SETTINGS_DEVTOOLS=1 in the environment
1713580322815	Marionette	INFO	Marionette enabled
Dynamically enable window occlusion 0
1713580322921	Marionette	INFO	Listening on port 51063
WebDriver BiDi listening on ws://127.0.0.1:51054
Read port: 51063
1713580323082	RemoteAgent	WARN	TLS certificate errors will be ignored for this session
DevTools listening on ws://127.0.0.1:51054/devtools/browser/5331dfe0-4593-449c-8831-7c6675628ff6
JavaScript error: resource://gre/modules/XULStore.sys.mjs, line 60: Error: Can't find profile directory.
JavaScript error: resource://gre/modules/XULStore.sys.mjs, line 60: Error: Can't find profile directory.
JavaScript error: resource://gre/modules/XULStore.sys.mjs, line 60: Error: Can't find profile directory.
JavaScript error: resource://gre/modules/XULStore.sys.mjs, line 60: Error: Can't find profile directory.
JavaScript error: resource://gre/modules/XULStore.sys.mjs, line 60: Error: Can't find profile directory.
JavaScript error: https://cdn.cookielaw.org/scripttemplates/202401.2.0/otBannerSdk.js, line 7: TypeError: m.moduleInitializer is undefined
JavaScript warning: https://pagead2.googlesyndication.com/bg/9krLpReYb9PfiW0OaVPcpPon7JXQAUIv5XNYnI-ITTw.js line 2 > eval line 7071 > eval line 1 > eval line 1 > eval, line 1: WEBGL_debug_renderer_info is deprecated in Firefox and will be removed. Please use RENDERER.
1713580336658	Marionette	WARN	Ignoring event 'pageshow' because document has an invalid readyState of 'uninitialized'.
1713580353779	addons.xpi	ERROR	System addon update list error SyntaxError: XMLHttpRequest.open: 'http://%(server)s/dummy-system-addons.xml' is not a valid URL.
console.log: "RemoteSettingsWorker error: DataError: IndexedDB: records, timestamps execute() Data provided to an operation does not meet requirements."
console.error: (new RemoteSettingsWorkerError("DataError: IndexedDB: records, timestamps execute() Data provided to an operation does not meet requirements.", "resource://services-settings/RemoteSettingsWorker.sys.mjs", 34))
JavaScript error: , line 0: TypeError: NetworkError when attempting to fetch resource.
JavaScript warning: https://pagead2.googlesyndication.com/bg/tXhR5WxKMkfxhPR3Ieicu84_GDeFDNUHyibK8QhzoCs.js line 2 > eval line 4154 > eval line 1 > eval line 1 > eval, line 1: WEBGL_debug_renderer_info is deprecated in Firefox and will be removed. Please use RENDERER.
1713580390271	Marionette	INFO	Stopped listening on port 51063
JavaScript warning: https://cdn.parsely.com/keys/apnews.com/p.js?gtm_ver=3.1, line 7: Script terminated by timeout at:
i._sample@https://cdn.parsely.com/keys/apnews.com/p.js?gtm_ver=3.1:7:40427

Dynamically enable window occlusion 1
JavaScript error: , line 0: TypeError: NetworkError when attempting to fetch resource.
