1713576098221	geckodriver	INFO	Listening on 127.0.0.1:64387
1713576101334	mozrunner::runner	INFO	Running command: "C:\\Program Files\\Mozilla Firefox\\firefox.exe" "--marionette" "--remote-debugging-port" "64388" "--remote ... ocalhost" "-no-remote" "-profile" "C:\\Users\\billp\\AppData\\Local\\robocorp\\temp\\dd1102d630884103\\rust_mozprofileOAIQ1K"
console.warn: services.settings: Ignoring preference override of remote settings server
console.warn: services.settings: Allow by setting MOZ_REMOTE_SETTINGS_DEVTOOLS=1 in the environment
1713576102666	Marionette	INFO	Marionette enabled
Dynamically enable window occlusion 0
1713576102813	Marionette	INFO	Listening on port 64398
WebDriver BiDi listening on ws://127.0.0.1:64388
Read port: 64398
1713576103016	RemoteAgent	WARN	TLS certificate errors will be ignored for this session
DevTools listening on ws://127.0.0.1:64388/devtools/browser/f41cb32a-42ab-4b30-bb71-53785e564616
JavaScript error: resource://gre/modules/XULStore.sys.mjs, line 60: Error: Can't find profile directory.
JavaScript error: resource://gre/modules/XULStore.sys.mjs, line 60: Error: Can't find profile directory.
JavaScript error: resource://gre/modules/XULStore.sys.mjs, line 60: Error: Can't find profile directory.
JavaScript error: resource://gre/modules/XULStore.sys.mjs, line 60: Error: Can't find profile directory.
JavaScript error: resource://gre/modules/XULStore.sys.mjs, line 60: Error: Can't find profile directory.
JavaScript error: https://cdn.cookielaw.org/scripttemplates/202401.2.0/otBannerSdk.js, line 7: TypeError: m.moduleInitializer is undefined
1713576116744	Marionette	WARN	Ignoring event 'pageshow' because document has an invalid readyState of 'uninitialized'.
1713576133059	addons.xpi	ERROR	System addon update list error SyntaxError: XMLHttpRequest.open: 'http://%(server)s/dummy-system-addons.xml' is not a valid URL.
console.log: "RemoteSettingsWorker error: DataError: IndexedDB: records, timestamps execute() Data provided to an operation does not meet requirements."
console.error: (new RemoteSettingsWorkerError("DataError: IndexedDB: records, timestamps execute() Data provided to an operation does not meet requirements.", "resource://services-settings/RemoteSettingsWorker.sys.mjs", 34))
console.warn: LoginRecipes: "Falling back to a synchronous message for: https://apnews.com."
JavaScript warning: https://pagead2.googlesyndication.com/bg/tXhR5WxKMkfxhPR3Ieicu84_GDeFDNUHyibK8QhzoCs.js line 2 > eval line 1570 > eval line 1 > eval line 1 > eval, line 1: WEBGL_debug_renderer_info is deprecated in Firefox and will be removed. Please use RENDERER.
1713576160788	Marionette	INFO	Stopped listening on port 64398
JavaScript warning: https://507b28fb-2ef1-4c34-8bda-ba32030bb199.edge.permutive.app/507b28fb-2ef1-4c34-8bda-ba32030bb199-web.js, line 1: Script terminated by timeout at:
emit@https://507b28fb-2ef1-4c34-8bda-ba32030bb199.edge.permutive.app/507b28fb-2ef1-4c34-8bda-ba32030bb199-web.js:1:27984
e@https://507b28fb-2ef1-4c34-8bda-ba32030bb199.edge.permutive.app/507b28fb-2ef1-4c34-8bda-ba32030bb199-web.js:1:182507

Dynamically enable window occlusion 1
JavaScript error: , line 0: TypeError: NetworkError when attempting to fetch resource.
