1713578789774	geckodriver	INFO	Listening on 127.0.0.1:64235
1713578792833	mozrunner::runner	INFO	Running command: "C:\\Program Files\\Mozilla Firefox\\firefox.exe" "--marionette" "--remote-debugging-port" "64236" "--remote ... ocalhost" "-no-remote" "-profile" "C:\\Users\\billp\\AppData\\Local\\robocorp\\temp\\a08fe3528ed87573\\rust_mozprofilegebSQI"
console.warn: services.settings: Ignoring preference override of remote settings server
console.warn: services.settings: Allow by setting MOZ_REMOTE_SETTINGS_DEVTOOLS=1 in the environment
1713578794138	Marionette	INFO	Marionette enabled
Dynamically enable window occlusion 0
1713578794285	Marionette	INFO	Listening on port 64245
WebDriver BiDi listening on ws://127.0.0.1:64236
Read port: 64245
1713578794520	RemoteAgent	WARN	TLS certificate errors will be ignored for this session
DevTools listening on ws://127.0.0.1:64236/devtools/browser/f10d06e5-f38d-42b8-ad7a-ab4e18dd2108
JavaScript error: resource://gre/modules/XULStore.sys.mjs, line 60: Error: Can't find profile directory.
JavaScript error: resource://gre/modules/XULStore.sys.mjs, line 60: Error: Can't find profile directory.
JavaScript error: resource://gre/modules/XULStore.sys.mjs, line 60: Error: Can't find profile directory.
JavaScript error: resource://gre/modules/XULStore.sys.mjs, line 60: Error: Can't find profile directory.
JavaScript error: resource://gre/modules/XULStore.sys.mjs, line 60: Error: Can't find profile directory.
JavaScript error: https://cdn.cookielaw.org/scripttemplates/202401.2.0/otBannerSdk.js, line 7: TypeError: m.moduleInitializer is undefined
1713578809347	Marionette	WARN	Ignoring event 'pageshow' because document has an invalid readyState of 'uninitialized'.
1713578812776	Marionette	WARN	Ignoring event 'pageshow' because document has an invalid readyState of 'uninitialized'.
1713578812942	Marionette	WARN	Ignoring event 'pageshow' because document has an invalid readyState of 'uninitialized'.
1713578813901	Marionette	WARN	Ignoring event 'pageshow' because document has an invalid readyState of 'uninitialized'.
1713578813956	Marionette	WARN	Ignoring event 'pageshow' because document has an invalid readyState of 'uninitialized'.
1713578824909	addons.xpi	ERROR	System addon update list error SyntaxError: XMLHttpRequest.open: 'http://%(server)s/dummy-system-addons.xml' is not a valid URL.
console.log: "RemoteSettingsWorker error: DataError: IndexedDB: records, timestamps execute() Data provided to an operation does not meet requirements."
console.error: (new RemoteSettingsWorkerError("DataError: IndexedDB: records, timestamps execute() Data provided to an operation does not meet requirements.", "resource://services-settings/RemoteSettingsWorker.sys.mjs", 34))
JavaScript warning: https://pagead2.googlesyndication.com/bg/tXhR5WxKMkfxhPR3Ieicu84_GDeFDNUHyibK8QhzoCs.js line 2 > eval line 236 > eval line 1 > eval line 1 > eval, line 1: WEBGL_debug_renderer_info is deprecated in Firefox and will be removed. Please use RENDERER.
JavaScript warning: https://pagead2.googlesyndication.com/bg/9krLpReYb9PfiW0OaVPcpPon7JXQAUIv5XNYnI-ITTw.js line 2 > eval line 4639 > eval line 1 > eval line 1 > eval, line 1: WEBGL_debug_renderer_info is deprecated in Firefox and will be removed. Please use RENDERER.
JavaScript error: , line 0: TypeError: NetworkError when attempting to fetch resource.
JavaScript warning: https://pagead2.googlesyndication.com/bg/9krLpReYb9PfiW0OaVPcpPon7JXQAUIv5XNYnI-ITTw.js line 2 > eval line 3410 > eval line 1 > eval line 1 > eval, line 1: WEBGL_debug_renderer_info is deprecated in Firefox and will be removed. Please use RENDERER.
1713578872595	Marionette	INFO	Stopped listening on port 64245
JavaScript warning: https://cdn.parsely.com/keys/apnews.com/p.js?gtm_ver=3.1, line 7: Script terminated by timeout at:
i._sample@https://cdn.parsely.com/keys/apnews.com/p.js?gtm_ver=3.1:7:40427

JavaScript warning: https://s0.2mdn.net/sadbundle/15198616871400437142/index.html?e=69&leftOffset=0&topOffset=0&c=f9JB94BaVD&t=1&renderingType=2&ev=01_250, line 221: Script terminated by timeout at:
@https://s0.2mdn.net/sadbundle/15198616871400437142/index.html?e=69&leftOffset=0&topOffset=0&c=f9JB94BaVD&t=1&renderingType=2&ev=01_250:221:571

JavaScript warning: https://pagead2.googlesyndication.com/pagead/managed/js/activeview/current/ufs_web_display.js, line 14: Script terminated by timeout at:
x@https://pagead2.googlesyndication.com/pagead/managed/js/activeview/current/ufs_web_display.js:14:248
Ra.prototype.bc/<@https://pagead2.googlesyndication.com/pagead/managed/js/activeview/current/ufs_web_display.js:46:263

Dynamically enable window occlusion 1
JavaScript error: , line 0: TypeError: NetworkError when attempting to fetch resource.
JavaScript error: , line 0: TypeError: NetworkError when attempting to fetch resource.
