1713580853066	geckodriver	INFO	Listening on 127.0.0.1:51929
1713580856144	mozrunner::runner	INFO	Running command: "C:\\Program Files\\Mozilla Firefox\\firefox.exe" "--marionette" "--remote-debugging-port" "51930" "--remote ... ocalhost" "-no-remote" "-profile" "C:\\Users\\billp\\AppData\\Local\\robocorp\\temp\\640e8cd9a61d5ff3\\rust_mozprofile5MAPiH"
console.warn: services.settings: Ignoring preference override of remote settings server
console.warn: services.settings: Allow by setting MOZ_REMOTE_SETTINGS_DEVTOOLS=1 in the environment
1713580857551	Marionette	INFO	Marionette enabled
Dynamically enable window occlusion 0
1713580857698	Marionette	INFO	Listening on port 51940
WebDriver BiDi listening on ws://127.0.0.1:51930
Read port: 51940
1713580857926	RemoteAgent	WARN	TLS certificate errors will be ignored for this session
DevTools listening on ws://127.0.0.1:51930/devtools/browser/6235e2c0-a0ab-434c-912c-d54cbdc54250
JavaScript error: resource://gre/modules/XULStore.sys.mjs, line 60: Error: Can't find profile directory.
JavaScript error: resource://gre/modules/XULStore.sys.mjs, line 60: Error: Can't find profile directory.
JavaScript error: resource://gre/modules/XULStore.sys.mjs, line 60: Error: Can't find profile directory.
JavaScript error: resource://gre/modules/XULStore.sys.mjs, line 60: Error: Can't find profile directory.
JavaScript error: resource://gre/modules/XULStore.sys.mjs, line 60: Error: Can't find profile directory.
JavaScript error: https://cdn.cookielaw.org/scripttemplates/202401.2.0/otBannerSdk.js, line 7: TypeError: m.moduleInitializer is undefined
1713580868887	Marionette	WARN	Ignoring event 'pageshow' because document has an invalid readyState of 'uninitialized'.
1713580871021	Marionette	WARN	Ignoring event 'pageshow' because document has an invalid readyState of 'uninitialized'.
JavaScript warning: https://pagead2.googlesyndication.com/bg/tXhR5WxKMkfxhPR3Ieicu84_GDeFDNUHyibK8QhzoCs.js line 2 > eval line 2206 > eval line 1 > eval line 1 > eval, line 1: WEBGL_debug_renderer_info is deprecated in Firefox and will be removed. Please use RENDERER.
1713580886397	Marionette	INFO	Stopped listening on port 51940
JavaScript warning: https://507b28fb-2ef1-4c34-8bda-ba32030bb199.edge.permutive.app/507b28fb-2ef1-4c34-8bda-ba32030bb199-web.js, line 1: Script terminated by timeout at:
mergeMessageOptions@https://507b28fb-2ef1-4c34-8bda-ba32030bb199.edge.permutive.app/507b28fb-2ef1-4c34-8bda-ba32030bb199-web.js:1:28815
emit@https://507b28fb-2ef1-4c34-8bda-ba32030bb199.edge.permutive.app/507b28fb-2ef1-4c34-8bda-ba32030bb199-web.js:1:28005
e@https://507b28fb-2ef1-4c34-8bda-ba32030bb199.edge.permutive.app/507b28fb-2ef1-4c34-8bda-ba32030bb199-web.js:1:182507

Dynamically enable window occlusion 1
