2024-05-13 17:50:51,501 - NewsExtractor - INFO - Opened the news site
2024-05-14 15:11:42,168 - NewsExtractor - INFO - Opened the news site
2024-05-14 16:33:22,545 - NewsExtractor - INFO - Opened the news site
2024-05-31 13:50:17,031 - NewsExtractor - INFO - Opened the news site
2024-05-31 13:50:19,927 - NewsExtractor - WARNING - Option not available - 'int' object is not iterable
2024-05-31 13:50:19,928 - NewsExtractor - WARNING - Unable to click on checkbox - Page.set_checked() missing 1 required positional argument: 'checked'
2024-05-31 13:53:13,398 - NewsExtractor - INFO - Opened the news site
2024-05-31 13:53:14,757 - NewsExtractor - WARNING - Unable to click on checkbox - Page.set_checked() missing 1 required positional argument: 'checked'
2024-05-31 14:34:41,732 - NewsExtractor - INFO - Opened the news site
2024-05-31 14:34:45,275 - NewsExtractor - WARNING - Unable to click on checkbox - Page.set_checked() missing 1 required positional argument: 'checked'
2024-05-31 14:40:14,793 - NewsExtractor - INFO - Opened the news site
2024-05-31 14:40:17,846 - NewsExtractor - WARNING - Unable to click on checkbox - Page.set_checked() missing 1 required positional argument: 'checked'
2024-05-31 14:51:11,817 - NewsExtractor - INFO - Opened the news site
2024-05-31 14:51:15,013 - NewsExtractor - WARNING - Unable to click on checkbox - Page.set_checked() missing 1 required positional argument: 'checked'
2024-05-31 14:53:42,117 - NewsExtractor - INFO - Opened the news site
2024-05-31 14:59:52,392 - NewsExtractor - INFO - Opened the news site
2024-05-31 15:08:35,996 - NewsExtractor - INFO - Opened the news site
2024-05-31 15:10:42,749 - NewsExtractor - INFO - Opened the news site
2024-05-31 15:10:45,302 - NewsExtractor - WARNING - Option not available - 'int' object is not iterable
2024-05-31 15:16:33,520 - NewsExtractor - INFO - Opened the news site
2024-05-31 15:17:46,477 - NewsExtractor - INFO - Opened the news site
2024-05-31 15:24:47,951 - NewsExtractor - INFO - Opened the news site
2024-05-31 15:48:04,260 - NewsExtractor - INFO - Opened the news site
2024-05-31 15:58:17,318 - NewsExtractor - INFO - Opened the news site
2024-05-31 15:59:44,922 - NewsExtractor - INFO - Opened the news site
2024-05-31 16:03:53,552 - NewsExtractor - INFO - Opened the news site
2024-05-31 16:05:31,676 - NewsExtractor - INFO - Opened the news site
2024-05-31 16:07:01,487 - NewsExtractor - INFO - Opened the news site
2024-05-31 16:08:24,046 - NewsExtractor - INFO - Opened the news site
2024-05-31 16:09:32,772 - NewsExtractor - INFO - Opened the news site
2024-05-31 16:11:23,095 - NewsExtractor - INFO - Opened the news site
2024-06-01 17:38:58,985 - NewsExtractor - INFO - Opened the news site
2024-06-01 18:06:29,050 - NewsExtractor - INFO - Opened the news site
2024-06-01 18:06:29,211 - NewsExtractor - INFO - Clicked on search button
2024-06-01 18:06:30,917 - NewsExtractor - INFO - Entered search phrase
2024-06-01 18:06:32,267 - NewsExtractor - INFO - Clicked on news category
2024-06-01 18:06:32,346 - NewsExtractor - INFO - Filtered newest articles
2024-06-01 18:06:34,121 - NewsExtractor - INFO - Clicked on next page
2024-06-01 18:13:49,497 - NewsExtractor - INFO - Opened the news site
2024-06-01 18:13:49,635 - NewsExtractor - INFO - Clicked on search button
2024-06-01 18:13:52,101 - NewsExtractor - INFO - Entered search phrase
2024-06-01 18:13:52,907 - NewsExtractor - INFO - Filtered newest articles
2024-06-01 18:13:53,118 - NewsExtractor - INFO - Clicked on news category
2024-06-01 18:13:55,122 - NewsExtractor - INFO - Clicked on next page
2024-06-01 18:29:13,014 - NewsExtractor - INFO - Opened the news site
2024-06-01 18:29:13,161 - NewsExtractor - INFO - Clicked on search button
2024-06-01 18:29:15,596 - NewsExtractor - INFO - Entered search phrase
2024-06-01 18:29:16,212 - NewsExtractor - INFO - Filtered newest articles
2024-06-01 18:29:16,878 - NewsExtractor - INFO - Clicked on news category
2024-06-01 18:29:17,993 - NewsExtractor - INFO - Clicked on next page
2024-06-01 18:30:33,634 - NewsExtractor - INFO - Opened the news site
2024-06-01 18:30:33,762 - NewsExtractor - INFO - Clicked on search button
2024-06-01 18:30:34,164 - NewsExtractor - INFO - Entered search phrase
2024-06-01 18:30:34,772 - NewsExtractor - INFO - Filtered newest articles
2024-06-01 18:30:35,316 - NewsExtractor - INFO - Clicked on news category
2024-06-01 18:30:43,293 - NewsExtractor - INFO - Clicked on next page
2024-06-01 18:31:44,788 - NewsExtractor - INFO - Opened the news site
2024-06-01 18:31:44,898 - NewsExtractor - INFO - Clicked on search button
2024-06-01 18:31:45,443 - NewsExtractor - INFO - Entered search phrase
2024-06-01 18:31:45,902 - NewsExtractor - INFO - Filtered newest articles
2024-06-01 18:31:46,409 - NewsExtractor - INFO - Clicked on news category
2024-06-01 18:31:48,786 - NewsExtractor - INFO - Clicked on next page
2024-06-01 18:31:53,443 - NewsExtractor - INFO - Clicked on next page
2024-06-01 18:32:13,187 - NewsExtractor - INFO - Clicked on next page
2024-06-01 18:32:26,541 - NewsExtractor - INFO - Clicked on next page
2024-06-01 18:32:29,004 - NewsExtractor - INFO - Clicked on next page
2024-06-01 18:32:30,466 - NewsExtractor - INFO - Clicked on next page
2024-06-01 20:22:43,004 - NewsExtractor - INFO - Opened the news site
2024-06-01 20:22:43,141 - NewsExtractor - INFO - Clicked on search button
2024-06-01 20:22:44,608 - NewsExtractor - INFO - Entered search phrase
2024-06-01 20:22:44,987 - NewsExtractor - INFO - Filtered newest articles
2024-06-01 20:22:45,416 - NewsExtractor - INFO - Clicked on news category
2024-06-01 20:25:48,417 - NewsExtractor - INFO - Opened the news site
2024-06-01 20:25:48,533 - NewsExtractor - INFO - Clicked on search button
2024-06-01 20:25:51,177 - NewsExtractor - INFO - Entered search phrase
2024-06-01 20:25:51,738 - NewsExtractor - INFO - Filtered newest articles
2024-06-01 20:25:52,137 - NewsExtractor - INFO - Clicked on news category
2024-06-01 20:25:53,802 - NewsExtractor - INFO - Clicked on next page
2024-06-01 20:30:03,262 - NewsExtractor - INFO - Opened the news site
2024-06-01 20:30:03,374 - NewsExtractor - INFO - Clicked on search button
2024-06-01 20:30:04,762 - NewsExtractor - INFO - Entered search phrase
2024-06-01 20:30:05,222 - NewsExtractor - INFO - Filtered newest articles
2024-06-01 20:30:05,344 - NewsExtractor - INFO - Clicked on news category
2024-06-01 20:30:06,451 - NewsExtractor - INFO - Clicked on next page
2024-06-01 22:25:31,707 - NewsExtractor - INFO - Opened the news site
2024-06-01 22:25:31,929 - NewsExtractor - INFO - Clicked on search button
2024-06-01 22:25:34,025 - NewsExtractor - INFO - Entered search phrase
2024-06-01 22:25:34,433 - NewsExtractor - INFO - Filtered newest articles
2024-06-01 22:25:34,752 - NewsExtractor - INFO - Clicked on news category
2024-06-01 22:25:36,647 - NewsExtractor - INFO - Clicked on next page
2024-06-01 22:41:28,949 - NewsExtractor - INFO - Opened the news site
2024-06-01 22:41:29,091 - NewsExtractor - INFO - Clicked on search button
2024-06-01 22:41:30,674 - NewsExtractor - INFO - Entered search phrase
2024-06-01 22:41:31,067 - NewsExtractor - INFO - Filtered newest articles
2024-06-01 22:41:31,622 - NewsExtractor - INFO - Clicked on news category
2024-06-01 22:41:33,005 - NewsExtractor - INFO - Clicked on next page
2024-06-01 22:42:51,667 - NewsExtractor - INFO - Opened the news site
2024-06-01 22:42:51,817 - NewsExtractor - INFO - Clicked on search button
2024-06-01 22:42:52,316 - NewsExtractor - INFO - Entered search phrase
2024-06-01 22:42:52,996 - NewsExtractor - INFO - Filtered newest articles
2024-06-01 22:42:53,609 - NewsExtractor - INFO - Clicked on news category
2024-06-01 22:59:14,803 - NewsExtractor - INFO - Opened the news site
2024-06-01 22:59:14,931 - NewsExtractor - INFO - Clicked on search button
2024-06-01 22:59:16,797 - NewsExtractor - INFO - Entered search phrase
2024-06-01 22:59:17,515 - NewsExtractor - INFO - Filtered newest articles
2024-06-01 22:59:17,649 - NewsExtractor - INFO - Clicked on news category
2024-06-01 22:59:18,772 - NewsExtractor - INFO - Clicked on next page
2024-06-01 23:05:20,857 - NewsExtractor - INFO - Opened the news site
2024-06-01 23:05:20,974 - NewsExtractor - INFO - Clicked on search button
2024-06-01 23:05:22,331 - NewsExtractor - INFO - Entered search phrase
2024-06-01 23:05:22,988 - NewsExtractor - INFO - Filtered newest articles
2024-06-01 23:05:23,141 - NewsExtractor - INFO - Clicked on news category
2024-06-01 23:06:40,903 - NewsExtractor - INFO - Opened the news site
2024-06-01 23:06:41,037 - NewsExtractor - INFO - Clicked on search button
2024-06-01 23:06:41,310 - NewsExtractor - INFO - Entered search phrase
2024-06-01 23:06:41,697 - NewsExtractor - INFO - Filtered newest articles
2024-06-01 23:06:41,915 - NewsExtractor - INFO - Clicked on news category
2024-06-01 23:06:50,481 - NewsExtractor - INFO - Clicked on next page
2024-06-01 23:06:54,764 - NewsExtractor - INFO - Clicked on next page
2024-06-01 23:06:58,492 - NewsExtractor - INFO - Clicked on next page
2024-06-01 23:07:00,151 - NewsExtractor - INFO - Clicked on next page
